2025-10-28 23:19:33 - INFO - o.s.api.AbstractOpenApiResource - Init duration for springdoc-openapi is: 235 ms
2025-10-28 23:19:36 - WARN - o.s.w.s.m.m.a.ExceptionHandlerExceptionResolver - Resolved [br.com.dicume.springboot.exception.ResourceNotFoundException: Nenhum produto encontrado!]
2025-10-28 23:20:02 - WARN - o.s.w.s.m.m.a.ExceptionHandlerExceptionResolver - Resolved [br.com.dicume.springboot.exception.ResourceNotFoundException: Nenhum produto encontrado!]
2025-10-28 23:24:21 - WARN - o.s.w.s.m.m.a.ExceptionHandlerExceptionResolver - Resolved [br.com.dicume.springboot.exception.ResourceNotFoundException: Produto não encontrado!]
2025-10-28 23:24:43 - WARN - o.s.w.s.m.m.a.ExceptionHandlerExceptionResolver - Resolved [br.com.dicume.springboot.exception.ResourceNotFoundException: Nenhum produto encontrado!]
2025-10-28 23:25:05 - INFO - o.s.b.d.a.LocalDevToolsAutoConfiguration$RestartingClassPathChangeChangedEventListener - Restarting due to 1 class path change (0 additions, 0 deletions, 1 modification)
2025-10-28 23:25:05 - INFO - o.s.b.w.e.tomcat.GracefulShutdown - Commencing graceful shutdown. Waiting for active requests to complete
2025-10-28 23:25:05 - INFO - o.s.b.w.e.tomcat.GracefulShutdown - Graceful shutdown complete
2025-10-28 23:25:05 - INFO - o.s.o.j.LocalContainerEntityManagerFactoryBean - Closing JPA EntityManagerFactory for persistence unit 'default'
2025-10-28 23:25:05 - INFO - com.zaxxer.hikari.HikariDataSource - HikariPool-12 - Shutdown initiated...
2025-10-28 23:25:05 - INFO - com.zaxxer.hikari.HikariDataSource - HikariPool-12 - Shutdown completed.
2025-10-28 23:25:06 - INFO - b.c.d.s.SpringbootApplication - Starting SpringbootApplication using Java 21.0.8 with PID 20543 (/home/kd6/Projects/Api-Spring-Boot/springboot/target/classes started by kd6 in /home/kd6/Projects/Api-Spring-Boot/springboot)
2025-10-28 23:25:06 - INFO - b.c.d.s.SpringbootApplication - No active profile set, falling back to 1 default profile: "default"
2025-10-28 23:25:06 - INFO - o.s.d.r.c.RepositoryConfigurationDelegate - Bootstrapping Spring Data JPA repositories in DEFAULT mode.
2025-10-28 23:25:06 - INFO - o.s.d.r.c.RepositoryConfigurationDelegate - Finished Spring Data repository scanning in 7 ms. Found 1 JPA repository interface.
2025-10-28 23:25:06 - INFO - o.s.b.w.e.tomcat.TomcatWebServer - Tomcat initialized with port 8080 (http)
2025-10-28 23:25:06 - INFO - o.a.catalina.core.StandardService - Starting service [Tomcat]
2025-10-28 23:25:06 - INFO - o.a.catalina.core.StandardEngine - Starting Servlet engine: [Apache Tomcat/10.1.48]
2025-10-28 23:25:06 - INFO - o.a.c.c.C.[Tomcat].[localhost].[/] - Initializing Spring embedded WebApplicationContext
2025-10-28 23:25:06 - INFO - o.s.b.w.s.c.ServletWebServerApplicationContext - Root WebApplicationContext: initialization completed in 508 ms
2025-10-28 23:25:06 - INFO - o.h.jpa.internal.util.LogHelper - HHH000204: Processing PersistenceUnitInfo [name: default]
2025-10-28 23:25:06 - INFO - o.h.c.i.RegionFactoryInitiator - HHH000026: Second-level cache disabled
2025-10-28 23:25:06 - INFO - o.s.o.j.p.SpringPersistenceUnitInfo - No LoadTimeWeaver setup: ignoring JPA class transformer
2025-10-28 23:25:06 - INFO - com.zaxxer.hikari.HikariDataSource - HikariPool-13 - Starting...
2025-10-28 23:25:06 - INFO - com.zaxxer.hikari.pool.HikariPool - HikariPool-13 - Added connection org.postgresql.jdbc.PgConnection@600f6ba
2025-10-28 23:25:06 - INFO - com.zaxxer.hikari.HikariDataSource - HikariPool-13 - Start completed.
2025-10-28 23:25:06 - WARN - org.hibernate.orm.deprecation - HHH90000025: PostgreSQLDialect does not need to be specified explicitly using 'hibernate.dialect' (remove the property setting and it will be selected by default)
2025-10-28 23:25:06 - INFO - o.hibernate.orm.connections.pooling - HHH10001005: Database info:
	Database JDBC URL [Connecting through datasource 'HikariDataSource (HikariPool-13)']
	Database driver: undefined/unknown
	Database version: 15.14
	Autocommit mode: undefined/unknown
	Isolation level: undefined/unknown
	Minimum pool size: undefined/unknown
	Maximum pool size: undefined/unknown
2025-10-28 23:25:06 - INFO - o.h.e.t.j.p.i.JtaPlatformInitiator - HHH000489: No JTA platform available (set 'hibernate.transaction.jta.platform' to enable JTA platform integration)
2025-10-28 23:25:06 - INFO - o.s.o.j.LocalContainerEntityManagerFactoryBean - Initialized JPA EntityManagerFactory for persistence unit 'default'
2025-10-28 23:25:07 - WARN - o.s.b.a.o.j.JpaBaseConfiguration$JpaWebConfiguration - spring.jpa.open-in-view is enabled by default. Therefore, database queries may be performed during view rendering. Explicitly configure spring.jpa.open-in-view to disable this warning
2025-10-28 23:25:07 - INFO - o.s.b.d.a.OptionalLiveReloadServer - LiveReload server is running on port 35729
2025-10-28 23:25:07 - INFO - o.s.b.w.e.tomcat.TomcatWebServer - Tomcat started on port 8080 (http) with context path '/'
2025-10-28 23:25:07 - INFO - b.c.d.s.SpringbootApplication - Started SpringbootApplication in 1.304 seconds (process running for 1148.162)
2025-10-28 23:25:07 - INFO - o.s.b.d.a.ConditionEvaluationDeltaLoggingListener - Condition evaluation unchanged
2025-10-28 23:25:10 - INFO - o.a.c.c.C.[Tomcat].[localhost].[/] - Initializing Spring DispatcherServlet 'dispatcherServlet'
2025-10-28 23:25:10 - INFO - o.s.web.servlet.DispatcherServlet - Initializing Servlet 'dispatcherServlet'
2025-10-28 23:25:10 - INFO - o.s.web.servlet.DispatcherServlet - Completed initialization in 2 ms
2025-10-28 23:25:10 - WARN - o.s.w.s.m.m.a.ExceptionHandlerExceptionResolver - Resolved [br.com.dicume.springboot.exception.ResourceNotFoundException: Nenhum produto encontrado!]
2025-10-28 23:25:11 - WARN - o.s.w.s.m.m.a.ExceptionHandlerExceptionResolver - Resolved [br.com.dicume.springboot.exception.ResourceNotFoundException: Nenhum produto encontrado!]
2025-10-28 23:25:23 - WARN - o.s.w.s.m.m.a.ExceptionHandlerExceptionResolver - Resolved [br.com.dicume.springboot.exception.ResourceNotFoundException: Nenhum produto encontrado!]
2025-10-28 23:25:45 - WARN - o.s.w.s.m.m.a.ExceptionHandlerExceptionResolver - Resolved [br.com.dicume.springboot.exception.ResourceNotFoundException: Nenhum produto encontrado!]
