2025-10-28 23:19:36 - WARN - o.s.w.s.m.m.a.ExceptionHandlerExceptionResolver - Resolved [br.com.dicume.springboot.exception.ResourceNotFoundException: Nenhum produto encontrado!]
2025-10-28 23:20:02 - WARN - o.s.w.s.m.m.a.ExceptionHandlerExceptionResolver - Resolved [br.com.dicume.springboot.exception.ResourceNotFoundException: Nenhum produto encontrado!]
2025-10-28 23:24:21 - WARN - o.s.w.s.m.m.a.ExceptionHandlerExceptionResolver - Resolved [br.com.dicume.springboot.exception.ResourceNotFoundException: Produto não encontrado!]
2025-10-28 23:24:43 - WARN - o.s.w.s.m.m.a.ExceptionHandlerExceptionResolver - Resolved [br.com.dicume.springboot.exception.ResourceNotFoundException: Nenhum produto encontrado!]
2025-10-28 23:25:05 - INFO - o.s.b.d.a.LocalDevToolsAutoConfiguration$RestartingClassPathChangeChangedEventListener - Restarting due to 1 class path change (0 additions, 0 deletions, 1 modification)
2025-10-28 23:25:05 - INFO - o.s.b.w.e.tomcat.GracefulShutdown - Commencing graceful shutdown. Waiting for active requests to complete
2025-10-28 23:25:05 - INFO - o.s.b.w.e.tomcat.GracefulShutdown - Graceful shutdown complete
2025-10-28 23:25:05 - INFO - o.s.o.j.LocalContainerEntityManagerFactoryBean - Closing JPA EntityManagerFactory for persistence unit 'default'
2025-10-28 23:25:06 - INFO - o.s.d.r.c.RepositoryConfigurationDelegate - Bootstrapping Spring Data JPA repositories in DEFAULT mode.
2025-10-28 23:25:06 - INFO - o.s.d.r.c.RepositoryConfigurationDelegate - Finished Spring Data repository scanning in 7 ms. Found 1 JPA repository interface.
2025-10-28 23:25:06 - INFO - o.s.b.w.e.tomcat.TomcatWebServer - Tomcat initialized with port 8080 (http)
2025-10-28 23:25:06 - INFO - o.s.b.w.s.c.ServletWebServerApplicationContext - Root WebApplicationContext: initialization completed in 508 ms
2025-10-28 23:25:06 - INFO - o.s.o.j.p.SpringPersistenceUnitInfo - No LoadTimeWeaver setup: ignoring JPA class transformer
2025-10-28 23:25:06 - INFO - o.s.o.j.LocalContainerEntityManagerFactoryBean - Initialized JPA EntityManagerFactory for persistence unit 'default'
2025-10-28 23:25:07 - WARN - o.s.b.a.o.j.JpaBaseConfiguration$JpaWebConfiguration - spring.jpa.open-in-view is enabled by default. Therefore, database queries may be performed during view rendering. Explicitly configure spring.jpa.open-in-view to disable this warning
2025-10-28 23:25:07 - INFO - o.s.b.d.a.OptionalLiveReloadServer - LiveReload server is running on port 35729
2025-10-28 23:25:07 - INFO - o.s.b.w.e.tomcat.TomcatWebServer - Tomcat started on port 8080 (http) with context path '/'
2025-10-28 23:25:07 - INFO - o.s.b.d.a.ConditionEvaluationDeltaLoggingListener - Condition evaluation unchanged
2025-10-28 23:25:10 - INFO - o.s.web.servlet.DispatcherServlet - Initializing Servlet 'dispatcherServlet'
2025-10-28 23:25:10 - INFO - o.s.web.servlet.DispatcherServlet - Completed initialization in 2 ms
2025-10-28 23:25:10 - WARN - o.s.w.s.m.m.a.ExceptionHandlerExceptionResolver - Resolved [br.com.dicume.springboot.exception.ResourceNotFoundException: Nenhum produto encontrado!]
2025-10-28 23:25:11 - WARN - o.s.w.s.m.m.a.ExceptionHandlerExceptionResolver - Resolved [br.com.dicume.springboot.exception.ResourceNotFoundException: Nenhum produto encontrado!]
2025-10-28 23:25:23 - WARN - o.s.w.s.m.m.a.ExceptionHandlerExceptionResolver - Resolved [br.com.dicume.springboot.exception.ResourceNotFoundException: Nenhum produto encontrado!]
2025-10-28 23:25:45 - WARN - o.s.w.s.m.m.a.ExceptionHandlerExceptionResolver - Resolved [br.com.dicume.springboot.exception.ResourceNotFoundException: Nenhum produto encontrado!]
